2019-07-11 16:20:41.390 INFO  (main) [   ] o.e.j.u.log Logging initialized @4601ms to org.eclipse.jetty.util.log.Slf4jLog
2019-07-11 16:20:41.591 WARN  (main) [   ] o.e.j.s.AbstractConnector Ignoring deprecated socket close linger time
2019-07-11 16:20:41.599 INFO  (main) [   ] o.e.j.s.Server jetty-9.4.14.v20181114; built: 2018-11-14T21:20:31.478Z; git: c4550056e785fb5665914545889f21dc136ad9e6; jvm 1.8.0_161-b12
2019-07-11 16:20:41.625 INFO  (main) [   ] o.e.j.d.p.ScanningAppProvider Deployment monitor [file:///C:/Users/GFX%20lab/Desktop/AB_Documents/Dash%20Web/Dash-Web/solr-8.1.1/server/contexts/] at interval 0
2019-07-11 16:20:46.746 INFO  (main) [   ] o.e.j.w.StandardDescriptorProcessor NO JSP Support for /solr, did not find org.apache.jasper.servlet.JspServlet
2019-07-11 16:20:46.757 INFO  (main) [   ] o.e.j.s.session DefaultSessionIdManager workerName=node0
2019-07-11 16:20:46.757 INFO  (main) [   ] o.e.j.s.session No SessionScavenger set, using defaults
2019-07-11 16:20:46.759 INFO  (main) [   ] o.e.j.s.session node0 Scavenging every 600000ms
2019-07-11 16:20:46.859 INFO  (main) [   ] o.a.s.s.SolrDispatchFilter Using logger factory org.apache.logging.slf4j.Log4jLoggerFactory
2019-07-11 16:20:46.867 INFO  (main) [   ] o.a.s.s.SolrDispatchFilter  ___      _       Welcome to Apache Solr™ version 8.1.1
2019-07-11 16:20:46.867 INFO  (main) [   ] o.a.s.s.SolrDispatchFilter / __| ___| |_ _   Starting in standalone mode on port 8983
2019-07-11 16:20:46.867 INFO  (main) [   ] o.a.s.s.SolrDispatchFilter \__ \/ _ \ | '_|  Install dir: C:\Users\GFX lab\Desktop\AB_Documents\Dash Web\Dash-Web\solr-8.1.1
2019-07-11 16:20:46.868 INFO  (main) [   ] o.a.s.s.SolrDispatchFilter |___/\___/_|_|    Start time: 2019-07-11T16:20:46.868Z
2019-07-11 16:20:46.901 INFO  (main) [   ] o.a.s.c.SolrResourceLoader Using system property solr.solr.home: C:\Users\GFX lab\Desktop\AB_Documents\Dash Web\Dash-Web\solr-8.1.1\server\solr
2019-07-11 16:20:46.911 INFO  (main) [   ] o.a.s.c.SolrXmlConfig Loading container configuration from C:\Users\GFX lab\Desktop\AB_Documents\Dash Web\Dash-Web\solr-8.1.1\server\solr\solr.xml
2019-07-11 16:20:47.025 INFO  (main) [   ] o.a.s.c.SolrXmlConfig MBean server found: com.sun.jmx.mbeanserver.JmxMBeanServer@55a561cf, but no JMX reporters were configured - adding default JMX reporter.
2019-07-11 16:20:47.379 INFO  (main) [   ] o.a.s.h.c.HttpShardHandlerFactory Host whitelist initialized: WhitelistHostChecker [whitelistHosts=null, whitelistHostCheckingEnabled=true]
2019-07-11 16:20:47.982 WARN  (main) [   ] o.e.j.u.s.S.config No Client EndPointIdentificationAlgorithm configured for SslContextFactory@2445445a[provider=null,keyStore=null,trustStore=null]
2019-07-11 16:20:48.080 WARN  (main) [   ] o.e.j.u.s.S.config No Client EndPointIdentificationAlgorithm configured for SslContextFactory@2b5f4d54[provider=null,keyStore=null,trustStore=null]
2019-07-11 16:20:48.251 INFO  (main) [   ] o.a.s.c.TransientSolrCoreCacheDefault Allocating transient cache for 2147483647 transient cores
2019-07-11 16:20:48.253 INFO  (main) [   ] o.a.s.h.a.MetricsHistoryHandler No .system collection, keeping metrics history in memory.
2019-07-11 16:20:48.317 INFO  (main) [   ] o.a.s.m.r.SolrJmxReporter JMX monitoring for 'solr.node' (registry 'solr.node') enabled at server: com.sun.jmx.mbeanserver.JmxMBeanServer@55a561cf
2019-07-11 16:20:48.318 INFO  (main) [   ] o.a.s.m.r.SolrJmxReporter JMX monitoring for 'solr.jvm' (registry 'solr.jvm') enabled at server: com.sun.jmx.mbeanserver.JmxMBeanServer@55a561cf
2019-07-11 16:20:48.322 INFO  (main) [   ] o.a.s.m.r.SolrJmxReporter JMX monitoring for 'solr.jetty' (registry 'solr.jetty') enabled at server: com.sun.jmx.mbeanserver.JmxMBeanServer@55a561cf
2019-07-11 16:20:48.374 INFO  (main) [   ] o.a.s.c.CorePropertiesLocator Found 1 core definitions underneath C:\Users\GFX lab\Desktop\AB_Documents\Dash Web\Dash-Web\solr-8.1.1\server\solr
2019-07-11 16:20:48.374 INFO  (main) [   ] o.a.s.c.CorePropertiesLocator Cores are: [dash]
2019-07-11 16:20:48.435 WARN  (coreLoadExecutor-9-thread-1) [   x:dash] o.a.s.c.SolrConfig Couldn't add files from C:\Users\GFX lab\Desktop\AB_Documents\Dash Web\Dash-Web\solr-8.1.1\dist filtered by solr-cell-\d.*\.jar to classpath: C:\Users\GFX lab\Desktop\AB_Documents\Dash Web\Dash-Web\solr-8.1.1\dist
2019-07-11 16:20:48.436 WARN  (coreLoadExecutor-9-thread-1) [   x:dash] o.a.s.c.SolrConfig Couldn't add files from C:\Users\GFX lab\Desktop\AB_Documents\Dash Web\Dash-Web\solr-8.1.1\dist filtered by solr-clustering-\d.*\.jar to classpath: C:\Users\GFX lab\Desktop\AB_Documents\Dash Web\Dash-Web\solr-8.1.1\dist
2019-07-11 16:20:48.436 WARN  (coreLoadExecutor-9-thread-1) [   x:dash] o.a.s.c.SolrConfig Couldn't add files from C:\Users\GFX lab\Desktop\AB_Documents\Dash Web\Dash-Web\solr-8.1.1\dist filtered by solr-langid-\d.*\.jar to classpath: C:\Users\GFX lab\Desktop\AB_Documents\Dash Web\Dash-Web\solr-8.1.1\dist
2019-07-11 16:20:48.437 WARN  (coreLoadExecutor-9-thread-1) [   x:dash] o.a.s.c.SolrConfig Couldn't add files from C:\Users\GFX lab\Desktop\AB_Documents\Dash Web\Dash-Web\solr-8.1.1\dist filtered by solr-velocity-\d.*\.jar to classpath: C:\Users\GFX lab\Desktop\AB_Documents\Dash Web\Dash-Web\solr-8.1.1\dist
2019-07-11 16:20:48.437 WARN  (coreLoadExecutor-9-thread-1) [   x:dash] o.a.s.c.SolrConfig Couldn't add files from C:\Users\GFX lab\Desktop\AB_Documents\Dash Web\Dash-Web\solr-8.1.1\dist filtered by solr-ltr-\d.*\.jar to classpath: C:\Users\GFX lab\Desktop\AB_Documents\Dash Web\Dash-Web\solr-8.1.1\dist
2019-07-11 16:20:48.440 INFO  (coreLoadExecutor-9-thread-1) [   x:dash] o.a.s.c.SolrResourceLoader [dash] Added 56 libs to classloader, from paths: [/C:/Users/GFX%20lab/Desktop/AB_Documents/Dash%20Web/Dash-Web/solr-8.1.1/contrib/clustering/lib, /C:/Users/GFX%20lab/Desktop/AB_Documents/Dash%20Web/Dash-Web/solr-8.1.1/contrib/extraction/lib, /C:/Users/GFX%20lab/Desktop/AB_Documents/Dash%20Web/Dash-Web/solr-8.1.1/contrib/langid/lib, /C:/Users/GFX%20lab/Desktop/AB_Documents/Dash%20Web/Dash-Web/solr-8.1.1/contrib/velocity/lib]
2019-07-11 16:20:48.777 INFO  (main) [   ] o.e.j.s.h.ContextHandler Started o.e.j.w.WebAppContext@693fe6c9{/solr,file:///C:/Users/GFX%20lab/Desktop/AB_Documents/Dash%20Web/Dash-Web/solr-8.1.1/server/solr-webapp/webapp/,AVAILABLE}{C:\Users\GFX lab\Desktop\AB_Documents\Dash Web\Dash-Web\solr-8.1.1\server/solr-webapp/webapp}
2019-07-11 16:20:48.785 INFO  (main) [   ] o.e.j.s.AbstractConnector Started ServerConnector@551a20d6{HTTP/1.1,[http/1.1, h2c]}{0.0.0.0:8983}
2019-07-11 16:20:48.785 INFO  (main) [   ] o.e.j.s.Server Started @11997ms
2019-07-11 16:20:49.383 INFO  (qtp2114684409-22) [   ] o.a.s.s.HttpSolrCall [admin] webapp=null path=/admin/info/system params={wt=json} status=0 QTime=52
