
> dash@1.0.0 start-spawn /Users/swilkinss2012/Documents/GitHub/Dash-Web
> cross-env SPAWNED=true NODE_OPTIONS=--max_old_space_size=4096 ts-node-dev -- src/server/index.ts

Using ts-node version 7.0.1, typescript version 3.7.2
objc[9678]: Class GNotificationCenterDelegate is implemented in both /Users/swilkinss2012/Documents/GitHub/Dash-Web/node_modules/sharp/vendor/lib/libgio-2.0.0.dylib (0x10838d578) and /Users/swilkinss2012/Documents/GitHub/Dash-Web/node_modules/canvas/build/Release/libgio-2.0.0.dylib (0x10afd9578). One of the two will be used. Which one is undefined.
[34m
starting execution of preliminary functions...[0m
(node:9678) DeprecationWarning: current URL string parser is deprecated, and will be removed in a future version. To use the new parser, pass option { useNewUrlParser: true } to MongoClient.connect.
[34mcompleted preliminary functions
.[0m
Starting type checking and linting service...
Using 1 worker with 2048MB memory limit

running server in [33mdevelopment[39m mode
[33m[39m
[33mregistering server routes...[39m
[32mall server routes have been successfully registered:[39m
[36m/[39m
[36m/activity[39m
[36m/buxton[39m
[36m/delete[39m
[36m/deleteAll[39m
[36m/deleteWithAux[39m
[36m/deleteWithGoogleCredentials[39m
[36m/doc/:docId[39m
[36m/downloadId/:docId[39m
[36m/environment/:key[39m
[36m/getCurrentUser[39m
[36m/getUserDocumentId[39m
[36m/getUsers[39m
[36m/googleDocs/:sector/:action[39m
[36m/googlePhotosMediaDownload[39m
[36m/googlePhotosMediaUpload[39m
[36m/home[39m
[36m/imageHierarchyExport/:docId[39m
[36m/inspectImage[39m
[36m/persist[39m
[36m/pull[39m
[36m/readGoogleAccessToken[39m
[36m/search[39m
[36m/serializeDoc/:docId[39m
[36m/serverHeartbeat[39m
[36m/shutdown[39m
[36m/solr/:action[39m
[36m/textsearch[39m
[36m/thumbnail/:filename[39m
[36m/upload[39m
[36m/uploadDoc[39m
[36m/uploadURI[39m
[36m/version[39m
[36m/writeGoogleAccessToken[39m

websocket listening on port [33m4321[39m
server listening on port [33m1050[39m

[34mℹ[39m [90m｢wdm｣[39m: wait until bundle finished: /serverHeartbeat
[32muser samuel_wilkins@brown.edu has connected to the web socket[39m
[32muser samuel_wilkins@brown.edu has connected to the web socket[39m
[34mℹ[39m [90m｢wdm｣[39m: wait until bundle finished: /serverHeartbeat
[34mℹ[39m [90m｢wdm｣[39m: wait until bundle finished: /serverHeartbeat
[34mℹ[39m [90m｢wdm｣[39m: wait until bundle finished: /serverHeartbeat
[34mℹ[39m [90m｢wdm｣[39m: wait until bundle finished: /serverHeartbeat
[32muser samuel_wilkins@brown.edu has connected to the web socket[39m
[32muser samuel_wilkins@brown.edu has connected to the web socket[39m
Type checking and linting in progress...
webpack built 8f6b743d91fd3862683b in 47419ms
[33m⚠[39m [90m｢wdm｣[39m: Hash: [1m8f6b743d91fd3862683b[39m[22m
Version: webpack [1m4.36.1[39m[22m
Time: [1m47419[39m[22mms
Built at: 12/11/2019 [1m3:45:31 AM[39m[22m
                               [1mAsset[39m[22m       [1mSize[39m[22m               [1mChunks[39m[22m  [1m[39m[22m           [1m[39m[22m[1mChunk Names[39m[22m
[1m[32m275711e56bd1bc79fdff544a3d7dbfae.png[39m[22m  289 bytes                     [1m[39m[22m  [1m[32m[emitted][39m[22m  
[1m[32m32f1593298e6e7bee5673bf647328d72.png[39m[22m  429 bytes                     [1m[39m[22m  [1m[32m[emitted][39m[22m  
[1m[32m718c914a99a2136c01c84e01f63e505a.png[39m[22m  829 bytes                     [1m[39m[22m  [1m[32m[emitted][39m[22m  
[1m[32m906f1a1816c2a03b5c7612f6aa2ceece.png[39m[22m  281 bytes                     [1m[39m[22m  [1m[32m[emitted][39m[22m  
                [1m[32massets/downarrow.png[39m[22m   3.28 KiB                     [1m[39m[22m  [1m[32m[emitted][39m[22m  
                     [1m[32massets/env.json[39m[22m  360 bytes                     [1m[39m[22m  [1m[32m[emitted][39m[22m  
            [1m[32massets/google_photos.png[39m[22m    114 KiB                     [1m[39m[22m  [1m[32m[emitted][39m[22m  
              [1m[32massets/google_tags.png[39m[22m    7.9 KiB                     [1m[39m[22m  [1m[32m[emitted][39m[22m  
                  [1m[32massets/loading.gif[39m[22m    112 KiB                     [1m[39m[22m  [1m[32m[emitted][39m[22m  
                [1m[32massets/pdf.worker.js[39m[22m   1.55 MiB                     [1m[39m[22m  [1m[32m[emitted][39m[22m  
                           [1m[32mbundle.js[39m[22m   20.8 MiB               [1mbundle[39m[22m  [1m[32m[emitted][39m[22m  bundle
                       [1m[32mbundle.js.map[39m[22m   23.3 MiB               [1mbundle[39m[22m  [1m[32m[emitted][39m[22m  bundle
                     [1m[32mdebug/repl.html[39m[22m  348 bytes                     [1m[39m[22m  [1m[32m[emitted][39m[22m  
                     [1m[32mdebug/test.html[39m[22m  245 bytes                     [1m[39m[22m  [1m[32m[emitted][39m[22m  
                   [1m[32mdebug/viewer.html[39m[22m  357 bytes                     [1m[39m[22m  [1m[32m[emitted][39m[22m  
[1m[32me7a34b49f3c49ca0c25c76b30cd09e12.png[39m[22m  445 bytes                     [1m[39m[22m  [1m[32m[emitted][39m[22m  
                      [1m[32mimageUpload.js[39m[22m   20.8 MiB          [1mimageUpload[39m[22m  [1m[32m[emitted][39m[22m  imageUpload
                  [1m[32mimageUpload.js.map[39m[22m   23.3 MiB          [1mimageUpload[39m[22m  [1m[32m[emitted][39m[22m  imageUpload
                          [1m[32mindex.html[39m[22m  593 bytes                     [1m[39m[22m  [1m[32m[emitted][39m[22m  
                      [1m[32minkControls.js[39m[22m    116 KiB          [1minkControls[39m[22m  [1m[32m[emitted][39m[22m  inkControls
                  [1m[32minkControls.js.map[39m[22m    122 KiB          [1minkControls[39m[22m  [1m[32m[emitted][39m[22m  inkControls
                   [1m[32mmobile/image.html[39m[22m  333 bytes                     [1m[39m[22m  [1m[32m[emitted][39m[22m  
                     [1m[32mmobile/ink.html[39m[22m  252 bytes                     [1m[39m[22m  [1m[32m[emitted][39m[22m  
                             [1m[32mrepl.js[39m[22m   9.31 MiB                 [1mrepl[39m[22m  [1m[32m[emitted][39m[22m  repl
                         [1m[32mrepl.js.map[39m[22m   10.5 MiB                 [1mrepl[39m[22m  [1m[32m[emitted][39m[22m  repl
                             [1m[32mtest.js[39m[22m    1.2 MiB                 [1mtest[39m[22m  [1m[32m[emitted][39m[22m  test
                         [1m[32mtest.js.map[39m[22m   1.42 MiB                 [1mtest[39m[22m  [1m[32m[emitted][39m[22m  test
                            [1m[32mtest.pdf[39m[22m   53.6 KiB                     [1m[39m[22m  [1m[32m[emitted][39m[22m  
              [1m[32mvendors~pdfjsWorker.js[39m[22m   1.55 MiB  [1mvendors~pdfjsWorker[39m[22m  [1m[32m[emitted][39m[22m  vendors~pdfjsWorker
          [1m[32mvendors~pdfjsWorker.js.map[39m[22m   1.87 MiB  [1mvendors~pdfjsWorker[39m[22m  [1m[32m[emitted][39m[22m  vendors~pdfjsWorker
                           [1m[32mviewer.js[39m[22m   9.47 MiB               [1mviewer[39m[22m  [1m[32m[emitted][39m[22m  viewer
                       [1m[32mviewer.js.map[39m[22m   10.7 MiB               [1mviewer[39m[22m  [1m[32m[emitted][39m[22m  viewer
Entrypoint [1mbundle[39m[22m = [1m[32mbundle.js[39m[22m [1m[32mbundle.js.map[39m[22m
Entrypoint [1mviewer[39m[22m = [1m[32mviewer.js[39m[22m [1m[32mviewer.js.map[39m[22m
Entrypoint [1mrepl[39m[22m = [1m[32mrepl.js[39m[22m [1m[32mrepl.js.map[39m[22m
Entrypoint [1mtest[39m[22m = [1m[32mtest.js[39m[22m [1m[32mtest.js.map[39m[22m
Entrypoint [1minkControls[39m[22m = [1m[32minkControls.js[39m[22m [1m[32minkControls.js.map[39m[22m
Entrypoint [1mimageUpload[39m[22m = [1m[32mimageUpload.js[39m[22m [1m[32mimageUpload.js.map[39m[22m
[19] [1mmulti ./src/client/views/Main.tsx webpack-hot-middleware/client?reload=true[39m[22m 40 bytes {[1m[33mbundle[39m[22m}[1m[32m [built][39m[22m
[20] [1mmulti ./src/debug/Viewer.tsx webpack-hot-middleware/client?reload=true[39m[22m 40 bytes {[1m[33mviewer[39m[22m}[1m[32m [built][39m[22m
[21] [1mmulti ./src/debug/Repl.tsx webpack-hot-middleware/client?reload=true[39m[22m 40 bytes {[1m[33mrepl[39m[22m}[1m[32m [built][39m[22m
[22] [1mmulti ./src/debug/Test.tsx webpack-hot-middleware/client?reload=true[39m[22m 40 bytes {[1m[33mtest[39m[22m}[1m[32m [built][39m[22m
[23] [1mmulti ./src/mobile/InkControls.tsx webpack-hot-middleware/client?reload=true[39m[22m 40 bytes {[1m[33minkControls[39m[22m}[1m[32m [built][39m[22m
[24] [1mmulti ./src/mobile/ImageUpload.tsx webpack-hot-middleware/client?reload=true[39m[22m 40 bytes {[1m[33mimageUpload[39m[22m}[1m[32m [built][39m[22m
 [[1m./node_modules/mobx-react/index.module.js[39m[22m] 48.8 KiB {[1m[33mbundle[39m[22m} {[1m[33mviewer[39m[22m} {[1m[33mrepl[39m[22m} {[1m[33mimageUpload[39m[22m}[1m[32m [built][39m[22m
 [[1m./node_modules/mobx/lib/mobx.module.js[39m[22m] 175 KiB {[1m[33mbundle[39m[22m} {[1m[33mviewer[39m[22m} {[1m[33mrepl[39m[22m} {[1m[33mimageUpload[39m[22m}[1m[32m [built][39m[22m
 [./node_modules/webpack-hot-middleware/client.js?reload=true] [1m(webpack)-hot-middleware/client.js?reload=true[39m[22m 7.68 KiB {[1m[33mbundle[39m[22m} {[1m[33mviewer[39m[22m} {[1m[33mrepl[39m[22m} {[1m[33mtest[39m[22m} {[1m[33minkControls[39m[22m} {[1m[33mimageUpload[39m[22m}[1m[32m [built][39m[22m
 [[1m./src/client/views/Main.tsx[39m[22m] 4.03 KiB {[1m[33mbundle[39m[22m}[1m[32m [built][39m[22m
 [[1m./src/debug/Repl.tsx[39m[22m] 6.87 KiB {[1m[33mrepl[39m[22m}[1m[32m [built][39m[22m
 [[1m./src/debug/Test.tsx[39m[22m] 1.02 KiB {[1m[33mtest[39m[22m}[1m[32m [built][39m[22m
 [[1m./src/debug/Viewer.tsx[39m[22m] 12.1 KiB {[1m[33mviewer[39m[22m}[1m[32m [built][39m[22m
 [[1m./src/mobile/ImageUpload.tsx[39m[22m] 9.97 KiB {[1m[33mimageUpload[39m[22m}[1m[32m [built][39m[22m
 [[1m./src/mobile/InkControls.tsx[39m[22m] 14 bytes {[1m[33minkControls[39m[22m}[1m[32m [built][39m[22m
    + 1494 hidden modules

[1m[33mWARNING in ./node_modules/typescript/lib/typescript.js 5121:41-60
Critical dependency: the request of a dependency is an expression
 @ ./src/client/util/Scripting.ts
 @ ./src/debug/Viewer.tsx
 @ multi ./src/debug/Viewer.tsx webpack-hot-middleware/client?reload=true[39m[22m
[34mℹ[39m [90m｢wdm｣[39m: Compiled with warnings.
[34mℹ[39m [90m｢wdm｣[39m: Compiling...
webpack building...
[34mℹ[39m [90m｢wdm｣[39m: wait until bundle finished: /login
[34mℹ[39m [90m｢wdm｣[39m: wait until bundle finished: /login
[34mℹ[39m [90m｢wdm｣[39m: wait until bundle finished: /login
[34mℹ[39m [90m｢wdm｣[39m: wait until bundle finished: /login
[34mℹ[39m [90m｢wdm｣[39m: wait until bundle finished: /login
Type checking and linting in progress...
webpack built 8f6b743d91fd3862683b in 615ms
[33m⚠[39m [90m｢wdm｣[39m: Hash: [1m8f6b743d91fd3862683b[39m[22m
Version: webpack [1m4.36.1[39m[22m
Time: [1m615[39m[22mms
Built at: 12/11/2019 [1m3:45:33 AM[39m[22m
                               [1mAsset[39m[22m       [1mSize[39m[22m               [1mChunks[39m[22m  [1m[39m[22m[1m[39m[22m[1mChunk Names[39m[22m
[1m[32m275711e56bd1bc79fdff544a3d7dbfae.png[39m[22m  289 bytes                     [1m[39m[22m  [1m[32m[39m[22m
[1m[32m32f1593298e6e7bee5673bf647328d72.png[39m[22m  429 bytes                     [1m[39m[22m  [1m[32m[39m[22m
[1m[32m718c914a99a2136c01c84e01f63e505a.png[39m[22m  829 bytes                     [1m[39m[22m  [1m[32m[39m[22m
[1m[32m906f1a1816c2a03b5c7612f6aa2ceece.png[39m[22m  281 bytes                     [1m[39m[22m  [1m[32m[39m[22m
                           [1m[32mbundle.js[39m[22m   20.8 MiB               [1mbundle[39m[22m  [1m[32m[39m[22mbundle
                       [1m[32mbundle.js.map[39m[22m   23.3 MiB               [1mbundle[39m[22m  [1m[32m[39m[22mbundle
[1m[32me7a34b49f3c49ca0c25c76b30cd09e12.png[39m[22m  445 bytes                     [1m[39m[22m  [1m[32m[39m[22m
                      [1m[32mimageUpload.js[39m[22m   20.8 MiB          [1mimageUpload[39m[22m  [1m[32m[39m[22mimageUpload
                  [1m[32mimageUpload.js.map[39m[22m   23.3 MiB          [1mimageUpload[39m[22m  [1m[32m[39m[22mimageUpload
                      [1m[32minkControls.js[39m[22m    116 KiB          [1minkControls[39m[22m  [1m[32m[39m[22minkControls
                  [1m[32minkControls.js.map[39m[22m    122 KiB          [1minkControls[39m[22m  [1m[32m[39m[22minkControls
                             [1m[32mrepl.js[39m[22m   9.31 MiB                 [1mrepl[39m[22m  [1m[32m[39m[22mrepl
                         [1m[32mrepl.js.map[39m[22m   10.5 MiB                 [1mrepl[39m[22m  [1m[32m[39m[22mrepl
                             [1m[32mtest.js[39m[22m    1.2 MiB                 [1mtest[39m[22m  [1m[32m[39m[22mtest
                         [1m[32mtest.js.map[39m[22m   1.42 MiB                 [1mtest[39m[22m  [1m[32m[39m[22mtest
              [1m[32mvendors~pdfjsWorker.js[39m[22m   1.55 MiB  [1mvendors~pdfjsWorker[39m[22m  [1m[32m[39m[22mvendors~pdfjsWorker
          [1m[32mvendors~pdfjsWorker.js.map[39m[22m   1.87 MiB  [1mvendors~pdfjsWorker[39m[22m  [1m[32m[39m[22mvendors~pdfjsWorker
                           [1m[32mviewer.js[39m[22m   9.47 MiB               [1mviewer[39m[22m  [1m[32m[39m[22mviewer
                       [1m[32mviewer.js.map[39m[22m   10.7 MiB               [1mviewer[39m[22m  [1m[32m[39m[22mviewer
Entrypoint [1mbundle[39m[22m = [1m[32mbundle.js[39m[22m [1m[32mbundle.js.map[39m[22m
Entrypoint [1mviewer[39m[22m = [1m[32mviewer.js[39m[22m [1m[32mviewer.js.map[39m[22m
Entrypoint [1mrepl[39m[22m = [1m[32mrepl.js[39m[22m [1m[32mrepl.js.map[39m[22m
Entrypoint [1mtest[39m[22m = [1m[32mtest.js[39m[22m [1m[32mtest.js.map[39m[22m
Entrypoint [1minkControls[39m[22m = [1m[32minkControls.js[39m[22m [1m[32minkControls.js.map[39m[22m
Entrypoint [1mimageUpload[39m[22m = [1m[32mimageUpload.js[39m[22m [1m[32mimageUpload.js.map[39m[22m
[19] [1mmulti ./src/client/views/Main.tsx webpack-hot-middleware/client?reload=true[39m[22m 40 bytes {[1m[33mbundle[39m[22m}
[20] [1mmulti ./src/debug/Viewer.tsx webpack-hot-middleware/client?reload=true[39m[22m 40 bytes {[1m[33mviewer[39m[22m}
[21] [1mmulti ./src/debug/Repl.tsx webpack-hot-middleware/client?reload=true[39m[22m 40 bytes {[1m[33mrepl[39m[22m}
[22] [1mmulti ./src/debug/Test.tsx webpack-hot-middleware/client?reload=true[39m[22m 40 bytes {[1m[33mtest[39m[22m}
[23] [1mmulti ./src/mobile/InkControls.tsx webpack-hot-middleware/client?reload=true[39m[22m 40 bytes {[1m[33minkControls[39m[22m}
[24] [1mmulti ./src/mobile/ImageUpload.tsx webpack-hot-middleware/client?reload=true[39m[22m 40 bytes {[1m[33mimageUpload[39m[22m}
 [[1m./node_modules/mobx-react/index.module.js[39m[22m] 48.8 KiB {[1m[33mbundle[39m[22m} {[1m[33mviewer[39m[22m} {[1m[33mrepl[39m[22m} {[1m[33mimageUpload[39m[22m}
 [[1m./node_modules/mobx/lib/mobx.module.js[39m[22m] 175 KiB {[1m[33mbundle[39m[22m} {[1m[33mviewer[39m[22m} {[1m[33mrepl[39m[22m} {[1m[33mimageUpload[39m[22m}
 [./node_modules/webpack-hot-middleware/client.js?reload=true] [1m(webpack)-hot-middleware/client.js?reload=true[39m[22m 7.68 KiB {[1m[33mbundle[39m[22m} {[1m[33mviewer[39m[22m} {[1m[33mrepl[39m[22m} {[1m[33mtest[39m[22m} {[1m[33minkControls[39m[22m} {[1m[33mimageUpload[39m[22m}
 [[1m./src/client/views/Main.tsx[39m[22m] 4.03 KiB {[1m[33mbundle[39m[22m}
 [[1m./src/debug/Repl.tsx[39m[22m] 6.87 KiB {[1m[33mrepl[39m[22m}
 [[1m./src/debug/Test.tsx[39m[22m] 1.02 KiB {[1m[33mtest[39m[22m}
 [[1m./src/debug/Viewer.tsx[39m[22m] 12.1 KiB {[1m[33mviewer[39m[22m}
 [[1m./src/mobile/ImageUpload.tsx[39m[22m] 9.97 KiB {[1m[33mimageUpload[39m[22m}
 [[1m./src/mobile/InkControls.tsx[39m[22m] 14 bytes {[1m[33minkControls[39m[22m}
    + 1494 hidden modules

[1m[33mWARNING in ./node_modules/typescript/lib/typescript.js 5121:41-60
Critical dependency: the request of a dependency is an expression
 @ ./src/client/util/Scripting.ts
 @ ./src/debug/Viewer.tsx
 @ multi ./src/debug/Viewer.tsx webpack-hot-middleware/client?reload=true[39m[22m
[34mℹ[39m [90m｢wdm｣[39m: Compiled with warnings.
WARNING in /Users/swilkinss2012/Documents/GitHub/Dash-Web/src/client/util/RichTextRules.ts(81,21):
prefer-const: Identifier 'marks' is never reassigned; use 'const' instead of 'let'.
WARNING in /Users/swilkinss2012/Documents/GitHub/Dash-Web/src/client/util/RichTextRules.ts(83,25):
prefer-const: Identifier 'tr' is never reassigned; use 'const' instead of 'let'.
WARNING in /Users/swilkinss2012/Documents/GitHub/Dash-Web/src/client/util/RichTextRules.ts(86,21):
prefer-const: Identifier 'isValidColor' is never reassigned; use 'const' instead of 'let'.
WARNING in /Users/swilkinss2012/Documents/GitHub/Dash-Web/src/client/util/RichTextRules.ts(87,25):
prefer-const: Identifier 's' is never reassigned; use 'const' instead of 'var'.
WARNING in /Users/swilkinss2012/Documents/GitHub/Dash-Web/src/client/util/RichTextRules.ts(89,36):
triple-equals: == should be ===
WARNING in /Users/swilkinss2012/Documents/GitHub/Dash-Web/src/client/util/RichTextRules.ts(90,18):
semicolon: Missing semicolon
WARNING in /Users/swilkinss2012/Documents/GitHub/Dash-Web/src/client/util/RichTextRules.ts(99,21):
prefer-const: Identifier 'tr' is never reassigned; use 'const' instead of 'let'.
WARNING in /Users/swilkinss2012/Documents/GitHub/Dash-Web/src/client/util/RichTextRules.ts(100,21):
prefer-const: Identifier 'marks' is never reassigned; use 'const' instead of 'let'.
WARNING in /Users/swilkinss2012/Documents/GitHub/Dash-Web/src/client/util/RichTextRules.ts(126,25):
prefer-const: Identifier 'node' is never reassigned; use 'const' instead of 'let'.
WARNING in /Users/swilkinss2012/Documents/GitHub/Dash-Web/src/client/util/RichTextRules.ts(141,25):
prefer-const: Identifier 'node' is never reassigned; use 'const' instead of 'let'.
WARNING in /Users/swilkinss2012/Documents/GitHub/Dash-Web/src/client/util/RichTextRules.ts(154,66):
no-unnecessary-type-assertion: This assertion is unnecessary since it does not change the type of the expression.
WARNING in /Users/swilkinss2012/Documents/GitHub/Dash-Web/src/client/util/RichTextRules.ts(155,25):
prefer-const: Identifier 'node' is never reassigned; use 'const' instead of 'let'.
WARNING in /Users/swilkinss2012/Documents/GitHub/Dash-Web/src/client/util/RichTextRules.ts(155,33):
no-unnecessary-type-assertion: This assertion is unnecessary since it does not change the type of the expression.
WARNING in /Users/swilkinss2012/Documents/GitHub/Dash-Web/src/client/util/RichTextRules.ts(160,25):
prefer-const: Identifier 'node' is never reassigned; use 'const' instead of 'let'.
WARNING in /Users/swilkinss2012/Documents/GitHub/Dash-Web/src/client/util/RichTextRules.ts(192,29):
prefer-const: Identifier 'doc' is never reassigned; use 'const' instead of 'let'.
WARNING in /Users/swilkinss2012/Documents/GitHub/Dash-Web/src/client/util/RichTextSchema.tsx(640,134):
semicolon: Missing semicolon
WARNING in /Users/swilkinss2012/Documents/GitHub/Dash-Web/src/client/util/RichTextSchema.tsx(649,21):
prefer-const: Identifier 'expand' is never reassigned; use 'const' instead of 'let'.
WARNING in /Users/swilkinss2012/Documents/GitHub/Dash-Web/src/client/util/RichTextSchema.tsx(650,21):
prefer-const: Identifier 'tr' is never reassigned; use 'const' instead of 'let'.
WARNING in /Users/swilkinss2012/Documents/GitHub/Dash-Web/src/client/util/RichTextSchema.tsx(654,138):
semicolon: Missing semicolon
WARNING in /Users/swilkinss2012/Documents/GitHub/Dash-Web/src/client/util/RichTextSchema.tsx(658,10):
semicolon: Missing semicolon
WARNING in /Users/swilkinss2012/Documents/GitHub/Dash-Web/src/client/views/collections/CollectionView.tsx(243,13):
prefer-const: Identifier 'main' is never reassigned; use 'const' instead of 'let'.
WARNING in /Users/swilkinss2012/Documents/GitHub/Dash-Web/src/client/views/collections/CollectionView.tsx(244,13):
prefer-const: Identifier 'next' is never reassigned; use 'const' instead of 'let'.
WARNING in /Users/swilkinss2012/Documents/GitHub/Dash-Web/src/client/views/collections/CollectionView.tsx(245,13):
prefer-const: Identifier 'prev' is never reassigned; use 'const' instead of 'let'.
WARNING in /Users/swilkinss2012/Documents/GitHub/Dash-Web/src/client/views/DocumentDecorations.tsx(88,21):
prefer-const: Identifier 'selectionTitleFieldKey' is never reassigned; use 'const' instead of 'let'.
WARNING in /Users/swilkinss2012/Documents/GitHub/Dash-Web/src/client/views/DocumentDecorations.tsx(95,8):
semicolon: Missing semicolon
WARNING in /Users/swilkinss2012/Documents/GitHub/Dash-Web/src/client/views/EditableView.tsx(123,13):
prefer-const: Identifier 'wasFocused' is never reassigned; use 'const' instead of 'let'.
WARNING in /Users/swilkinss2012/Documents/GitHub/Dash-Web/src/client/views/MainView.tsx(289,11):
semicolon: Missing semicolon
WARNING in /Users/swilkinss2012/Documents/GitHub/Dash-Web/src/client/views/nodes/DocumentView.tsx(151,25):
prefer-const: Identifier 'any' is never reassigned; use 'const' instead of 'let'.
WARNING in /Users/swilkinss2012/Documents/GitHub/Dash-Web/src/client/views/nodes/FormattedTextBox.tsx(910,13):
prefer-const: Identifier 'prosediv' is never reassigned; use 'const' instead of 'let'.
WARNING in /Users/swilkinss2012/Documents/GitHub/Dash-Web/src/client/views/nodes/FormattedTextBox.tsx(911,13):
prefer-const: Identifier 'keeplocation' is never reassigned; use 'const' instead of 'let'.
WARNING in /Users/swilkinss2012/Documents/GitHub/Dash-Web/src/client/views/nodes/FormattedTextBox.tsx(913,13):
prefer-const: Identifier 'pos' is never reassigned; use 'const' instead of 'let'.
WARNING in /Users/swilkinss2012/Documents/GitHub/Dash-Web/src/client/views/nodes/FormattedTextBox.tsx(928,17):
prefer-const: Identifier 'pcords' is never reassigned; use 'const' instead of 'let'.
WARNING in /Users/swilkinss2012/Documents/GitHub/Dash-Web/src/client/views/nodes/FormattedTextBox.tsx(929,17):
prefer-const: Identifier 'node' is never reassigned; use 'const' instead of 'let'.
WARNING in /Users/swilkinss2012/Documents/GitHub/Dash-Web/src/client/views/nodes/FormattedTextBox.tsx(935,21):
prefer-const: Identifier 'lastNode' is never reassigned; use 'const' instead of 'let'.
WARNING in /Users/swilkinss2012/Documents/GitHub/Dash-Web/src/client/views/nodes/FormattedTextBox.tsx(976,71):
semicolon: Missing semicolon
WARNING in /Users/swilkinss2012/Documents/GitHub/Dash-Web/src/client/views/nodes/FormattedTextBox.tsx(987,17):
prefer-const: Identifier '$pos' is never reassigned; use 'const' instead of 'let'.
WARNING in /Users/swilkinss2012/Documents/GitHub/Dash-Web/src/client/views/nodes/FormattedTextBox.tsx(1001,25):
prefer-const: Identifier '$olist_pos' is never reassigned; use 'const' instead of 'let'.
WARNING in /Users/swilkinss2012/Documents/GitHub/Dash-Web/src/client/views/nodes/FormattedTextBox.tsx(1103,17):
prefer-const: Identifier 'newHeight' is never reassigned; use 'const' instead of 'let'.
No type errors found
Version: typescript 3.7.2, tslint 5.18.0
Time: 5473ms
